;  LST file generated by mikroListExporter - v.2.0 
; Date/Time: 5/13/2025 1:45:35 PM
;----------------------------------------------

;Address Opcode 	ASM
0x0000	0x2883      	GOTO       131
_trigger_ultrasonic:
;AgriBot.c,42 :: 		void trigger_ultrasonic(void)
;AgriBot.c,44 :: 		TRIG = 0;
0x0003	0x1283      	BCF        STATUS, 5
0x0004	0x1303      	BCF        STATUS, 6
0x0005	0x1006      	BCF        PORTB, 0
;AgriBot.c,45 :: 		Delay_us(2);
0x0006	0x0000      	NOP
0x0007	0x0000      	NOP
0x0008	0x0000      	NOP
0x0009	0x0000      	NOP
;AgriBot.c,47 :: 		TRIG = 1;
0x000A	0x1406      	BSF        PORTB, 0
;AgriBot.c,48 :: 		Delay_us(10);            // 10 µs HIGH pulse
0x000B	0x3006      	MOVLW      6
0x000C	0x00FD      	MOVWF      R13
L_trigger_ultrasonic0:
0x000D	0x0BFD      	DECFSZ     R13, 1
0x000E	0x280D      	GOTO       L_trigger_ultrasonic0
0x000F	0x0000      	NOP
;AgriBot.c,50 :: 		TRIG = 0;
0x0010	0x1006      	BCF        PORTB, 0
;AgriBot.c,51 :: 		}
L_end_trigger_ultrasonic:
0x0011	0x0008      	RETURN
; end of _trigger_ultrasonic
_Div_16X16_U:
;__Lib_Math.c,215 :: 		
;__Lib_Math.c,222 :: 		
0x0012	0x1283      	BCF        STATUS, 5
;__Lib_Math.c,223 :: 		
0x0013	0x1303      	BCF        STATUS, 6
;__Lib_Math.c,224 :: 		
0x0014	0x01F8      	CLRF       R8
;__Lib_Math.c,225 :: 		
0x0015	0x01F9      	CLRF       R9
;__Lib_Math.c,226 :: 		
0x0016	0x3010      	MOVLW      16
;__Lib_Math.c,227 :: 		
0x0017	0x00FC      	MOVWF      R12
;__Lib_Math.c,228 :: 		
0x0018	0x0D71      	RLF        R1, 0
;__Lib_Math.c,229 :: 		
0x0019	0x0DF8      	RLF        R8, 1
;__Lib_Math.c,230 :: 		
0x001A	0x0DF9      	RLF        R9, 1
;__Lib_Math.c,231 :: 		
0x001B	0x0874      	MOVF       R4, 0
;__Lib_Math.c,232 :: 		
0x001C	0x02F8      	SUBWF      R8, 1
;__Lib_Math.c,233 :: 		
0x001D	0x0875      	MOVF       R5, 0
;__Lib_Math.c,234 :: 		
0x001E	0x1C03      	BTFSS      STATUS, 0
;__Lib_Math.c,235 :: 		
0x001F	0x0F75      	INCFSZ     R5, 0
;__Lib_Math.c,236 :: 		
0x0020	0x02F9      	SUBWF      R9, 1
;__Lib_Math.c,237 :: 		
0x0021	0x1803      	BTFSC      STATUS, 0
;__Lib_Math.c,238 :: 		
0x0022	0x282A      	GOTO       $+8
;__Lib_Math.c,239 :: 		
0x0023	0x0874      	MOVF       R4, 0
;__Lib_Math.c,240 :: 		
0x0024	0x07F8      	ADDWF      R8, 1
;__Lib_Math.c,241 :: 		
0x0025	0x0875      	MOVF       R5, 0
;__Lib_Math.c,242 :: 		
0x0026	0x1803      	BTFSC      STATUS, 0
;__Lib_Math.c,243 :: 		
0x0027	0x0F75      	INCFSZ     R5, 0
;__Lib_Math.c,244 :: 		
0x0028	0x07F9      	ADDWF      R9, 1
;__Lib_Math.c,245 :: 		
0x0029	0x1003      	BCF        STATUS, 0
;__Lib_Math.c,246 :: 		
0x002A	0x0DF0      	RLF        R0, 1
;__Lib_Math.c,247 :: 		
0x002B	0x0DF1      	RLF        R1, 1
;__Lib_Math.c,248 :: 		
0x002C	0x0BFC      	DECFSZ     R12, 1
;__Lib_Math.c,249 :: 		
0x002D	0x2818      	GOTO       $-21
;__Lib_Math.c,251 :: 		
L_end_Div_16X16_U:
0x002E	0x0008      	RETURN
; end of _Div_16X16_U
_setSpeedLeft:
;AgriBot.c,13 :: 		void setSpeedLeft (unsigned char duty) { CCPR1L = duty; }   // 0-255
0x002F	0x1283      	BCF        STATUS, 5
0x0030	0x1303      	BCF        STATUS, 6
0x0031	0x0822      	MOVF       FARG_setSpeedLeft_duty, 0
0x0032	0x0095      	MOVWF      CCPR1L
L_end_setSpeedLeft:
0x0033	0x0008      	RETURN
; end of _setSpeedLeft
_setSpeedRight:
;AgriBot.c,14 :: 		void setSpeedRight(unsigned char duty) { CCPR2L = duty; }
0x0034	0x1283      	BCF        STATUS, 5
0x0035	0x1303      	BCF        STATUS, 6
0x0036	0x0822      	MOVF       FARG_setSpeedRight_duty, 0
0x0037	0x009B      	MOVWF      CCPR2L
L_end_setSpeedRight:
0x0038	0x0008      	RETURN
; end of _setSpeedRight
_motors_forward:
;AgriBot.c,84 :: 		void motors_forward(void)
;AgriBot.c,86 :: 		PORTD = 0b01011010;            // forward
0x0039	0x305A      	MOVLW      90
0x003A	0x1283      	BCF        STATUS, 5
0x003B	0x1303      	BCF        STATUS, 6
0x003C	0x0088      	MOVWF      PORTD
;AgriBot.c,87 :: 		setSpeedLeft(150);
0x003D	0x3096      	MOVLW      150
0x003E	0x00A2      	MOVWF      FARG_setSpeedLeft_duty
0x003F	0x202F      	CALL       _setSpeedLeft
;AgriBot.c,88 :: 		setSpeedRight(150);
0x0040	0x3096      	MOVLW      150
0x0041	0x00A2      	MOVWF      FARG_setSpeedRight_duty
0x0042	0x2034      	CALL       _setSpeedRight
;AgriBot.c,89 :: 		}
L_end_motors_forward:
0x0043	0x0008      	RETURN
; end of _motors_forward
_motors_stop:
;AgriBot.c,77 :: 		void motors_stop(void)
;AgriBot.c,79 :: 		PORTD = 0x00;
0x0044	0x1283      	BCF        STATUS, 5
0x0045	0x1303      	BCF        STATUS, 6
0x0046	0x0188      	CLRF       PORTD
;AgriBot.c,80 :: 		setSpeedLeft(0);
0x0047	0x01A2      	CLRF       FARG_setSpeedLeft_duty
0x0048	0x202F      	CALL       _setSpeedLeft
;AgriBot.c,81 :: 		setSpeedRight(0);
0x0049	0x01A2      	CLRF       FARG_setSpeedRight_duty
0x004A	0x2034      	CALL       _setSpeedRight
;AgriBot.c,82 :: 		}
L_end_motors_stop:
0x004B	0x0008      	RETURN
; end of _motors_stop
_init_ultrasonic:
;AgriBot.c,36 :: 		void init_ultrasonic(void)
;AgriBot.c,38 :: 		TRISB.F0 = 0;   // TRIG as output
0x004C	0x1683      	BSF        STATUS, 5
0x004D	0x1303      	BCF        STATUS, 6
0x004E	0x1006      	BCF        TRISB, 0
;AgriBot.c,39 :: 		TRISB.F1 = 1;   // ECHO as input
0x004F	0x1486      	BSF        TRISB, 1
;AgriBot.c,40 :: 		}
L_end_init_ultrasonic:
0x0050	0x0008      	RETURN
; end of _init_ultrasonic
_read_distance_cm:
;AgriBot.c,53 :: 		unsigned int read_distance_cm(void)
;AgriBot.c,57 :: 		trigger_ultrasonic();
0x0051	0x2003      	CALL       _trigger_ultrasonic
;AgriBot.c,60 :: 		while (!ECHO);
L_read_distance_cm1:
0x0052	0x1886      	BTFSC      PORTB, 1
0x0053	0x2855      	GOTO       L_read_distance_cm2
0x0054	0x2852      	GOTO       L_read_distance_cm1
L_read_distance_cm2:
;AgriBot.c,62 :: 		TMR1H = 0;                 // clear 16-bit timer
0x0055	0x018F      	CLRF       TMR1H
;AgriBot.c,63 :: 		TMR1L = 0;
0x0056	0x018E      	CLRF       TMR1L
;AgriBot.c,64 :: 		T1CON = 0x01;              // Timer-1 on, prescaler 1
0x0057	0x3001      	MOVLW      1
0x0058	0x0090      	MOVWF      T1CON
;AgriBot.c,66 :: 		while (ECHO);              // stay here while echo HIGH
L_read_distance_cm3:
0x0059	0x1C86      	BTFSS      PORTB, 1
0x005A	0x285C      	GOTO       L_read_distance_cm4
0x005B	0x2859      	GOTO       L_read_distance_cm3
L_read_distance_cm4:
;AgriBot.c,68 :: 		T1CON = 0x00;              // stop timer
0x005C	0x0190      	CLRF       T1CON
;AgriBot.c,69 :: 		ticks = ((unsigned int)TMR1H << 8) | TMR1L;
0x005D	0x080F      	MOVF       TMR1H, 0
0x005E	0x00F3      	MOVWF      R3
0x005F	0x01F4      	CLRF       R3+1
0x0060	0x0873      	MOVF       R3, 0
0x0061	0x00F1      	MOVWF      R0+1
0x0062	0x01F0      	CLRF       R0
0x0063	0x080E      	MOVF       TMR1L, 0
0x0064	0x04F0      	IORWF      R0, 1
0x0065	0x3000      	MOVLW      0
0x0066	0x04F1      	IORWF      R0+1, 1
;AgriBot.c,73 :: 		return ticks / 290;        // ≈ distance in cm
0x0067	0x3022      	MOVLW      34
0x0068	0x00F4      	MOVWF      R4
0x0069	0x3001      	MOVLW      1
0x006A	0x00F5      	MOVWF      R4+1
0x006B	0x2012      	CALL       _Div_16X16_U
;AgriBot.c,74 :: 		}
L_end_read_distance_cm:
0x006C	0x0008      	RETURN
; end of _read_distance_cm
_setupPWM:
;AgriBot.c,17 :: 		void setupPWM(void)
;AgriBot.c,20 :: 		TRISC.F2 = 0;   // RC2
0x006D	0x1683      	BSF        STATUS, 5
0x006E	0x1303      	BCF        STATUS, 6
0x006F	0x1107      	BCF        TRISC, 2
;AgriBot.c,21 :: 		TRISC.F1 = 0;   // RC1
0x0070	0x1087      	BCF        TRISC, 1
;AgriBot.c,24 :: 		CCP1CON = 0b00001100;     // CCP1 PWM
0x0071	0x300C      	MOVLW      12
0x0072	0x1283      	BCF        STATUS, 5
0x0073	0x0097      	MOVWF      CCP1CON
;AgriBot.c,25 :: 		CCP2CON = 0b00001100;     // CCP2 PWM
0x0074	0x300C      	MOVLW      12
0x0075	0x009D      	MOVWF      CCP2CON
;AgriBot.c,28 :: 		PR2   = 249;              // period
0x0076	0x30F9      	MOVLW      249
0x0077	0x1683      	BSF        STATUS, 5
0x0078	0x0092      	MOVWF      PR2
;AgriBot.c,29 :: 		T2CON = 0b00000101;       // prescaler 4, TMR2 on
0x0079	0x3005      	MOVLW      5
0x007A	0x1283      	BCF        STATUS, 5
0x007B	0x0092      	MOVWF      T2CON
;AgriBot.c,31 :: 		setSpeedLeft (128);       // 50 %
0x007C	0x3080      	MOVLW      128
0x007D	0x00A2      	MOVWF      FARG_setSpeedLeft_duty
0x007E	0x202F      	CALL       _setSpeedLeft
;AgriBot.c,32 :: 		setSpeedRight(128);       // 50 %
0x007F	0x3080      	MOVLW      128
0x0080	0x00A2      	MOVWF      FARG_setSpeedRight_duty
0x0081	0x2034      	CALL       _setSpeedRight
;AgriBot.c,33 :: 		}
L_end_setupPWM:
0x0082	0x0008      	RETURN
; end of _setupPWM
_main:
;AgriBot.c,113 :: 		void main(void)
;AgriBot.c,115 :: 		TRISD = 0x00;    // PORTD as output for IN1-IN4
0x0083	0x1683      	BSF        STATUS, 5
0x0084	0x1303      	BCF        STATUS, 6
0x0085	0x0188      	CLRF       TRISD
;AgriBot.c,116 :: 		PORTD = 0x00;
0x0086	0x1283      	BCF        STATUS, 5
0x0087	0x0188      	CLRF       PORTD
;AgriBot.c,118 :: 		setupPWM();
0x0088	0x206D      	CALL       _setupPWM
;AgriBot.c,119 :: 		init_ultrasonic();
0x0089	0x204C      	CALL       _init_ultrasonic
;AgriBot.c,121 :: 		while (1)
L_main5:
;AgriBot.c,123 :: 		motors_forward();
0x008A	0x2039      	CALL       _motors_forward
;AgriBot.c,124 :: 		Delay_ms(400);
0x008B	0x3005      	MOVLW      5
0x008C	0x00FB      	MOVWF      R11
0x008D	0x300F      	MOVLW      15
0x008E	0x00FC      	MOVWF      R12
0x008F	0x30F1      	MOVLW      241
0x0090	0x00FD      	MOVWF      R13
L_main7:
0x0091	0x0BFD      	DECFSZ     R13, 1
0x0092	0x2891      	GOTO       L_main7
0x0093	0x0BFC      	DECFSZ     R12, 1
0x0094	0x2891      	GOTO       L_main7
0x0095	0x0BFB      	DECFSZ     R11, 1
0x0096	0x2891      	GOTO       L_main7
;AgriBot.c,125 :: 		if (read_distance_cm() < 20) motors_stop();
0x0097	0x2051      	CALL       _read_distance_cm
0x0098	0x3000      	MOVLW      0
0x0099	0x0271      	SUBWF      R0+1, 0
0x009A	0x1D03      	BTFSS      STATUS, 2
0x009B	0x289E      	GOTO       L__main21
0x009C	0x3014      	MOVLW      20
0x009D	0x0270      	SUBWF      R0, 0
L__main21:
0x009E	0x1803      	BTFSC      STATUS, 0
0x009F	0x28A1      	GOTO       L_main8
0x00A0	0x2044      	CALL       _motors_stop
L_main8:
;AgriBot.c,138 :: 		}
0x00A1	0x288A      	GOTO       L_main5
;AgriBot.c,139 :: 		}
L_end_main:
0x00A2	0x28A2      	GOTO       $+0
; end of _main
Symbol List:
//** Routines locations **
//ADDRESS    SIZE    PROCEDURE
//----------------------------------------------
0x0003      [15]    _trigger_ultrasonic
0x0012      [29]    _Div_16X16_U
0x002F       [5]    _setSpeedLeft
0x0034       [5]    _setSpeedRight
0x0039      [11]    _motors_forward
0x0044       [8]    _motors_stop
0x004C       [5]    _init_ultrasonic
0x0051      [28]    _read_distance_cm
0x006D      [22]    _setupPWM
0x0083      [32]    _main
//** Variables locations ** 
//ADDRESS    SIZE    VARIABLE
//----------------------------------------------
0x0000       [1]    INDF
0x0003       [1]    STATUS
0x0004       [1]    FSR
0x0006       [1]    PORTB
0x0008       [1]    PORTD
0x000A       [1]    PCLATH
0x000E       [1]    TMR1L
0x000F       [1]    TMR1H
0x0010       [1]    T1CON
0x0012       [1]    T2CON
0x0015       [1]    CCPR1L
0x0017       [1]    CCP1CON
0x001B       [1]    CCPR2L
0x001D       [1]    CCP2CON
0x0020       [2]    ___DoICPAddr
0x0022       [1]    FARG_setSpeedRight_duty
0x0022       [1]    FARG_setSpeedLeft_duty
0x0070       [1]    R0
0x0071       [1]    R1
0x0072       [1]    R2
0x0073       [1]    R3
0x0074       [1]    R4
0x0075       [1]    R5
0x0076       [1]    R6
0x0077       [1]    R7
0x0078       [1]    R8
0x0079       [1]    R9
0x007A       [1]    R10
0x007B       [1]    R11
0x007C       [1]    R12
0x007D       [1]    R13
0x007E       [1]    R14
0x007F       [1]    R15
0x0086       [1]    TRISB
0x0087       [1]    TRISC
0x0088       [1]    TRISD
0x0092       [1]    PR2
