;  LST file generated by mikroListExporter - v.2.0 
; Date/Time: 5/20/2025 7:52:54 PM
;----------------------------------------------

;Address Opcode 	ASM
0x0000	0x2889      	GOTO       137
_____DoICP:
;__Lib_System.c,6 :: 		
;__Lib_System.c,9 :: 		
0x0003	0x1283      	BCF        STATUS, 5
0x0004	0x1303      	BCF        STATUS, 6
0x0005	0x0821      	MOVF       ___DoICPAddr+1, 0
0x0006	0x008A      	MOVWF      PCLATH
;__Lib_System.c,10 :: 		
0x0007	0x0820      	MOVF       ___DoICPAddr, 0
0x0008	0x0082      	MOVWF      PCL
;__Lib_System.c,12 :: 		
L_end_____DoICP:
0x0009	0x0008      	RETURN
; end of _____DoICP
_setSpeedRight:
;AgriBot.c,82 :: 		void setSpeedRight(unsigned char duty) { CCPR2L = duty; }
0x000A	0x1283      	BCF        STATUS, 5
0x000B	0x1303      	BCF        STATUS, 6
0x000C	0x0822      	MOVF       FARG_setSpeedRight_duty, 0
0x000D	0x009B      	MOVWF      CCPR2L
L_end_setSpeedRight:
0x000E	0x0008      	RETURN
; end of _setSpeedRight
_UART1_Init:
;__Lib_UART_c67.c,2 :: 		
;__Lib_UART_c67.c,5 :: 		
0x000F	0x1683      	BSF        STATUS, 5
0x0010	0x1303      	BCF        STATUS, 6
0x0011	0x1698      	BSF        TXSTA, 5
;__Lib_UART_c67.c,6 :: 		
0x0012	0x3090      	MOVLW      144
0x0013	0x1283      	BCF        STATUS, 5
0x0014	0x0098      	MOVWF      RCSTA
;__Lib_UART_c67.c,7 :: 		
0x0015	0x1683      	BSF        STATUS, 5
0x0016	0x1787      	BSF        TRISC7_bit, BitPos(TRISC7_bit+0)
;__Lib_UART_c67.c,8 :: 		
0x0017	0x1307      	BCF        TRISC6_bit, BitPos(TRISC6_bit+0)
;__Lib_UART_c67.c,10 :: 		
L_UART1_Init0:
0x0018	0x1283      	BCF        STATUS, 5
0x0019	0x1E8C      	BTFSS      PIR1, 5
0x001A	0x281E      	GOTO       L_UART1_Init1
;__Lib_UART_c67.c,11 :: 		
0x001B	0x081A      	MOVF       RCREG, 0
0x001C	0x00F0      	MOVWF      R0
0x001D	0x2818      	GOTO       L_UART1_Init0
L_UART1_Init1:
;__Lib_UART_c67.c,12 :: 		
L_end_UART1_Init:
0x001E	0x0008      	RETURN
; end of _UART1_Init
_setSpeedLeft:
;AgriBot.c,81 :: 		void setSpeedLeft (unsigned char duty) { CCPR1L = duty; }   // 0-255
0x001F	0x1283      	BCF        STATUS, 5
0x0020	0x1303      	BCF        STATUS, 6
0x0021	0x0822      	MOVF       FARG_setSpeedLeft_duty, 0
0x0022	0x0095      	MOVWF      CCPR1L
L_end_setSpeedLeft:
0x0023	0x0008      	RETURN
; end of _setSpeedLeft
_our_delay_ms:
;AgriBot.c,18 :: 		void our_delay_ms(unsigned int ms) {
;AgriBot.c,20 :: 		for (i = 0; i < ms; i++) {
0x0024	0x1283      	BCF        STATUS, 5
0x0025	0x1303      	BCF        STATUS, 6
0x0026	0x01F1      	CLRF       R1
0x0027	0x01F2      	CLRF       R1+1
L_our_delay_ms0:
0x0028	0x0823      	MOVF       FARG_our_delay_ms_ms+1, 0
0x0029	0x0272      	SUBWF      R1+1, 0
0x002A	0x1D03      	BTFSS      STATUS, 2
0x002B	0x282E      	GOTO       L__our_delay_ms23
0x002C	0x0822      	MOVF       FARG_our_delay_ms_ms, 0
0x002D	0x0271      	SUBWF      R1, 0
L__our_delay_ms23:
0x002E	0x1803      	BTFSC      STATUS, 0
0x002F	0x2843      	GOTO       L_our_delay_ms1
;AgriBot.c,21 :: 		for (j = 0; j < 111; j++) NOP();
0x0030	0x01F3      	CLRF       R3
0x0031	0x01F4      	CLRF       R3+1
L_our_delay_ms3:
0x0032	0x3000      	MOVLW      0
0x0033	0x0274      	SUBWF      R3+1, 0
0x0034	0x1D03      	BTFSS      STATUS, 2
0x0035	0x2838      	GOTO       L__our_delay_ms24
0x0036	0x306F      	MOVLW      111
0x0037	0x0273      	SUBWF      R3, 0
L__our_delay_ms24:
0x0038	0x1803      	BTFSC      STATUS, 0
0x0039	0x283F      	GOTO       L_our_delay_ms4
0x003A	0x0000      	NOP
0x003B	0x0AF3      	INCF       R3, 1
0x003C	0x1903      	BTFSC      STATUS, 2
0x003D	0x0AF4      	INCF       R3+1, 1
0x003E	0x2832      	GOTO       L_our_delay_ms3
L_our_delay_ms4:
;AgriBot.c,20 :: 		for (i = 0; i < ms; i++) {
0x003F	0x0AF1      	INCF       R1, 1
0x0040	0x1903      	BTFSC      STATUS, 2
0x0041	0x0AF2      	INCF       R1+1, 1
;AgriBot.c,22 :: 		}
0x0042	0x2828      	GOTO       L_our_delay_ms0
L_our_delay_ms1:
;AgriBot.c,23 :: 		}
L_end_our_delay_ms:
0x0043	0x0008      	RETURN
; end of _our_delay_ms
_initCutter:
;AgriBot.c,71 :: 		void initCutter(void) {
;AgriBot.c,72 :: 		TRISB.F4 = 0;
0x0044	0x1683      	BSF        STATUS, 5
0x0045	0x1303      	BCF        STATUS, 6
0x0046	0x1206      	BCF        TRISB, 4
;AgriBot.c,73 :: 		PORTB.F4    = 0;
0x0047	0x1283      	BCF        STATUS, 5
0x0048	0x1206      	BCF        PORTB, 4
;AgriBot.c,74 :: 		}
L_end_initCutter:
0x0049	0x0008      	RETURN
; end of _initCutter
___CC2DW:
;__Lib_System.c,134 :: 		
;__Lib_System.c,137 :: 		
_CC2D_Loop1:
;__Lib_System.c,139 :: 		
0x004A	0x2003      	CALL       _____DoICP
0x004B	0x118A      	BCF        PCLATH, 3
0x004C	0x120A      	BCF        PCLATH, 4
;__Lib_System.c,141 :: 		
0x004D	0x0080      	MOVWF      INDF
;__Lib_System.c,142 :: 		
0x004E	0x0A84      	INCF       FSR, 1
;__Lib_System.c,143 :: 		
0x004F	0x0AA0      	INCF       ___DoICPAddr, 1
;__Lib_System.c,145 :: 		
0x0050	0x1903      	BTFSC      STATUS, 2
;__Lib_System.c,146 :: 		
0x0051	0x0AA1      	INCF       ___DoICPAddr+1, 1
;__Lib_System.c,147 :: 		
0x0052	0x03F0      	DECF       R0, 1
;__Lib_System.c,149 :: 		
0x0053	0x1D03      	BTFSS      STATUS, 2
;__Lib_System.c,150 :: 		
0x0054	0x284A      	GOTO       _CC2D_Loop1
;__Lib_System.c,152 :: 		
L_end___CC2DW:
0x0055	0x0008      	RETURN
; end of ___CC2DW
_setup:
;AgriBot.c,153 :: 		void setup(){
;AgriBot.c,154 :: 		TRISB = 0x02;
0x0056	0x3002      	MOVLW      2
0x0057	0x1683      	BSF        STATUS, 5
0x0058	0x1303      	BCF        STATUS, 6
0x0059	0x0086      	MOVWF      TRISB
;AgriBot.c,155 :: 		TRISC = 0x40;
0x005A	0x3040      	MOVLW      64
0x005B	0x0087      	MOVWF      TRISC
;AgriBot.c,156 :: 		TRISD = 0x00;
0x005C	0x0188      	CLRF       TRISD
;AgriBot.c,157 :: 		PORTB = 0x00;  // Initialize PORTB
0x005D	0x1283      	BCF        STATUS, 5
0x005E	0x0186      	CLRF       PORTB
;AgriBot.c,158 :: 		PORTC = 0x00;  // Initialize PORTC
0x005F	0x0187      	CLRF       PORTC
;AgriBot.c,159 :: 		PORTD = 0x00;  // Initialize PORTD
0x0060	0x0188      	CLRF       PORTD
;AgriBot.c,160 :: 		our_delay_ms(100);
0x0061	0x3064      	MOVLW      100
0x0062	0x00A2      	MOVWF      FARG_our_delay_ms_ms
0x0063	0x3000      	MOVLW      0
0x0064	0x00A3      	MOVWF      FARG_our_delay_ms_ms+1
0x0065	0x2024      	CALL       _our_delay_ms
;AgriBot.c,170 :: 		}
L_end_setup:
0x0066	0x0008      	RETURN
; end of _setup
_setupPWM:
;AgriBot.c,84 :: 		void setupPWM(void)
;AgriBot.c,87 :: 		TRISC.F2 = 0;   // RC2
0x0067	0x1683      	BSF        STATUS, 5
0x0068	0x1303      	BCF        STATUS, 6
0x0069	0x1107      	BCF        TRISC, 2
;AgriBot.c,88 :: 		TRISC.F1 = 0;   // RC1
0x006A	0x1087      	BCF        TRISC, 1
;AgriBot.c,91 :: 		CCP1CON = 0b00001100;     // CCP1 PWM
0x006B	0x300C      	MOVLW      12
0x006C	0x1283      	BCF        STATUS, 5
0x006D	0x0097      	MOVWF      CCP1CON
;AgriBot.c,92 :: 		CCP2CON = 0b00001100;     // CCP2 PWM
0x006E	0x300C      	MOVLW      12
0x006F	0x009D      	MOVWF      CCP2CON
;AgriBot.c,95 :: 		PR2   = 249;              // period
0x0070	0x30F9      	MOVLW      249
0x0071	0x1683      	BSF        STATUS, 5
0x0072	0x0092      	MOVWF      PR2
;AgriBot.c,96 :: 		T2CON = 0b00000101;       // prescaler 4, TMR2 on
0x0073	0x3005      	MOVLW      5
0x0074	0x1283      	BCF        STATUS, 5
0x0075	0x0092      	MOVWF      T2CON
;AgriBot.c,98 :: 		setSpeedLeft (128);       // 50 %
0x0076	0x3080      	MOVLW      128
0x0077	0x00A2      	MOVWF      FARG_setSpeedLeft_duty
0x0078	0x201F      	CALL       _setSpeedLeft
;AgriBot.c,99 :: 		setSpeedRight(128);       // 50 %
0x0079	0x3080      	MOVLW      128
0x007A	0x00A2      	MOVWF      FARG_setSpeedRight_duty
0x007B	0x200A      	CALL       _setSpeedRight
;AgriBot.c,100 :: 		}
L_end_setupPWM:
0x007C	0x0008      	RETURN
; end of _setupPWM
_bluetooth_init:
;AgriBot.c,172 :: 		void bluetooth_init() {
;AgriBot.c,173 :: 		UART1_Init(9600);
0x007D	0x3033      	MOVLW      51
0x007E	0x1683      	BSF        STATUS, 5
0x007F	0x1303      	BCF        STATUS, 6
0x0080	0x0099      	MOVWF      SPBRG
0x0081	0x1518      	BSF        TXSTA, 2
0x0082	0x200F      	CALL       _UART1_Init
;AgriBot.c,174 :: 		our_delay_ms(100);   // Initialize UART with 9600 baud rate
0x0083	0x3064      	MOVLW      100
0x0084	0x00A2      	MOVWF      FARG_our_delay_ms_ms
0x0085	0x3000      	MOVLW      0
0x0086	0x00A3      	MOVWF      FARG_our_delay_ms_ms+1
0x0087	0x2024      	CALL       _our_delay_ms
;AgriBot.c,175 :: 		}
L_end_bluetooth_init:
0x0088	0x0008      	RETURN
; end of _bluetooth_init
_main:
;AgriBot.c,179 :: 		void main(void)
;AgriBot.c,182 :: 		setup();
0x0089	0x2056      	CALL       _setup
;AgriBot.c,183 :: 		bluetooth_init();
0x008A	0x207D      	CALL       _bluetooth_init
;AgriBot.c,184 :: 		initCutter();
0x008B	0x2044      	CALL       _initCutter
;AgriBot.c,185 :: 		setupPWM();
0x008C	0x2067      	CALL       _setupPWM
;AgriBot.c,190 :: 		TRISB.F3 = 0;
0x008D	0x1683      	BSF        STATUS, 5
0x008E	0x1186      	BCF        TRISB, 3
;AgriBot.c,191 :: 		PORTB.F3 = 0;
0x008F	0x1283      	BCF        STATUS, 5
0x0090	0x1186      	BCF        PORTB, 3
;AgriBot.c,193 :: 		while (1)
L_main18:
;AgriBot.c,248 :: 		PORTB.F3 = 1;
0x0091	0x1586      	BSF        PORTB, 3
;AgriBot.c,249 :: 		Delay_us(15000);    // 90° position
0x0092	0x3027      	MOVLW      39
0x0093	0x00FC      	MOVWF      R12
0x0094	0x30F5      	MOVLW      245
0x0095	0x00FD      	MOVWF      R13
L_main20:
0x0096	0x0BFD      	DECFSZ     R13, 1
0x0097	0x2896      	GOTO       L_main20
0x0098	0x0BFC      	DECFSZ     R12, 1
0x0099	0x2896      	GOTO       L_main20
;AgriBot.c,250 :: 		PORTB.F3 = 0;
0x009A	0x1186      	BCF        PORTB, 3
;AgriBot.c,251 :: 		Delay_ms(20);      // Total frame = 20ms
0x009B	0x3034      	MOVLW      52
0x009C	0x00FC      	MOVWF      R12
0x009D	0x30F1      	MOVLW      241
0x009E	0x00FD      	MOVWF      R13
L_main21:
0x009F	0x0BFD      	DECFSZ     R13, 1
0x00A0	0x289F      	GOTO       L_main21
0x00A1	0x0BFC      	DECFSZ     R12, 1
0x00A2	0x289F      	GOTO       L_main21
0x00A3	0x0000      	NOP
0x00A4	0x0000      	NOP
;AgriBot.c,253 :: 		}
0x00A5	0x2891      	GOTO       L_main18
;AgriBot.c,255 :: 		}
L_end_main:
0x00A6	0x28A6      	GOTO       $+0
; end of _main
Symbol List:
//** Routines locations **
//ADDRESS    SIZE    PROCEDURE
//----------------------------------------------
0x0003       [7]    _____DoICP
0x000A       [5]    _setSpeedRight
0x000F      [16]    _UART1_Init
0x001F       [5]    _setSpeedLeft
0x0024      [32]    _our_delay_ms
0x0044       [6]    _initCutter
0x004A      [12]    ___CC2DW
0x0056      [17]    _setup
0x0067      [22]    _setupPWM
0x007D      [12]    _bluetooth_init
0x0089      [30]    _main
//** Variables locations ** 
//ADDRESS    SIZE    VARIABLE
//----------------------------------------------
0x0000       [1]    INDF
0x0002       [1]    PCL
0x0003       [1]    STATUS
0x0004       [1]    FSR
0x0006       [1]    PORTB
0x0007       [1]    PORTC
0x0008       [1]    PORTD
0x000A       [1]    PCLATH
0x000C       [1]    PIR1
0x0012       [1]    T2CON
0x0015       [1]    CCPR1L
0x0017       [1]    CCP1CON
0x0018       [1]    RCSTA
0x001A       [1]    RCREG
0x001B       [1]    CCPR2L
0x001D       [1]    CCP2CON
0x0020       [2]    ___DoICPAddr
0x0022       [1]    FARG_setSpeedLeft_duty
0x0022       [1]    FARG_setSpeedRight_duty
0x0022       [2]    FARG_our_delay_ms_ms
0x0070       [1]    R0
0x0071       [1]    R1
0x0072       [1]    R2
0x0073       [1]    R3
0x0074       [1]    R4
0x0075       [1]    R5
0x0076       [1]    R6
0x0077       [1]    R7
0x0078       [1]    R8
0x0079       [1]    R9
0x007A       [1]    R10
0x007B       [1]    R11
0x007C       [1]    R12
0x007D       [1]    R13
0x007E       [1]    R14
0x007F       [1]    R15
0x0086       [1]    TRISB
0x0087       [1]    TRISC
0x0087       [0]    TRISC6_bit
0x0087       [0]    TRISC7_bit
0x0088       [1]    TRISD
0x0092       [1]    PR2
0x0098       [1]    TXSTA
0x0099       [1]    SPBRG
